<?xml version="1.0" encoding="UTF-8"?>
<!-- Generated by org.testng.reporters.JUnitXMLReporter -->
<testsuite hostname="DESKTOP-JP52KVH" ignored="0" name="Test" tests="2" failures="1" timestamp="05 Jun 2021 02:20:10 GMT" time="36.246" errors="0">
  <testcase name="LaunchChromeDriver" time="3.821" classname="Testcase.GoogleTestcase">
    <failure type="java.lang.AssertionError" message="Test case failed due to assert fail expected [true] but found [false]">
      <![CDATA[java.lang.AssertionError: Test case failed due to assert fail expected [true] but found [false]
at Testcase.GoogleTestcase.LaunchChromeDriver(GoogleTestcase.java:17)
... Removed 28 stack frames]]>
    </failure>
  </testcase> <!-- LaunchChromeDriver -->
  <testcase name="ChromeDriverLaunch" time="4.247" classname="Testcase.GoogleTestcase"/>
</testsuite> <!-- Test -->
